{"numFailedTestSuites":0,"numFailedTests":0,"numPassedTestSuites":1,"numPassedTests":1,"numPendingTestSuites":0,"numPendingTests":0,"numRuntimeErrorTestSuites":0,"numTodoTests":0,"numTotalTestSuites":1,"numTotalTests":1,"openHandles":[],"snapshot":{"added":0,"didUpdate":false,"failure":false,"filesAdded":0,"filesRemoved":0,"filesRemovedList":[],"filesUnmatched":0,"filesUpdated":0,"matched":0,"total":0,"unchecked":0,"uncheckedKeysByFile":[],"unmatched":0,"updated":0},"startTime":1755456689879,"success":true,"testResults":[{"assertionResults":[{"ancestorTitles":["PostBoard"],"duration":118,"failing":false,"failureDetails":[],"failureMessages":[],"fullName":"PostBoard renders empty state and post form for admin","invocations":1,"location":null,"numPassingAsserts":2,"retryReasons":[],"startAt":1755456695942,"status":"passed","title":"renders empty state and post form for admin"}],"endTime":1755456696067,"message":"","name":"C:\\Personal Space\\EMP_v1\\frontend\\src\\__tests__\\PostBoard.test.jsx","startTime":1755456692635,"status":"passed","summary":""}],"wasInterrupted":false}
