{"numFailedTestSuites":0,"numFailedTests":0,"numPassedTestSuites":1,"numPassedTests":2,"numPendingTestSuites":0,"numPendingTests":0,"numRuntimeErrorTestSuites":0,"numTodoTests":0,"numTotalTestSuites":1,"numTotalTests":2,"openHandles":[],"snapshot":{"added":0,"didUpdate":false,"failure":false,"filesAdded":0,"filesRemoved":0,"filesRemovedList":[],"filesUnmatched":0,"filesUpdated":0,"matched":0,"total":0,"unchecked":0,"uncheckedKeysByFile":[],"unmatched":0,"updated":0},"startTime":1755456295467,"success":true,"testResults":[{"assertionResults":[{"ancestorTitles":["Dashboard"],"duration":100,"failing":false,"failureDetails":[],"failureMessages":[],"fullName":"Dashboard renders PieChart and PostBoard for admin","invocations":1,"location":null,"numPassingAsserts":2,"retryReasons":[],"startAt":1755456301605,"status":"passed","title":"renders PieChart and PostBoard for admin"},{"ancestorTitles":["Dashboard"],"duration":6,"failing":false,"failureDetails":[],"failureMessages":[],"fullName":"Dashboard renders only PostBoard for employee","invocations":1,"location":null,"numPassingAsserts":2,"retryReasons":[],"startAt":1755456301709,"status":"passed","title":"renders only PostBoard for employee"}],"endTime":1755456301720,"message":"","name":"C:\\Personal Space\\EMP_v1\\frontend\\src\\__tests__\\Dashboard.test.jsx","startTime":1755456297923,"status":"passed","summary":""}],"wasInterrupted":false}
