{"numFailedTestSuites":0,"numFailedTests":0,"numPassedTestSuites":1,"numPassedTests":2,"numPendingTestSuites":0,"numPendingTests":0,"numRuntimeErrorTestSuites":0,"numTodoTests":0,"numTotalTestSuites":1,"numTotalTests":2,"openHandles":[],"snapshot":{"added":0,"didUpdate":false,"failure":false,"filesAdded":0,"filesRemoved":0,"filesRemovedList":[],"filesUnmatched":0,"filesUpdated":0,"matched":0,"total":0,"unchecked":0,"uncheckedKeysByFile":[],"unmatched":0,"updated":0},"startTime":1755456666893,"success":true,"testResults":[{"assertionResults":[{"ancestorTitles":["RegisterForm"],"duration":146,"failing":false,"failureDetails":[],"failureMessages":[],"fullName":"RegisterForm renders registration form fields","invocations":1,"location":null,"numPassingAsserts":4,"retryReasons":[],"startAt":1755456674650,"status":"passed","title":"renders registration form fields"},{"ancestorTitles":["RegisterForm"],"duration":32,"failing":false,"failureDetails":[],"failureMessages":[],"fullName":"RegisterForm allows typing in name, email, and password","invocations":1,"location":null,"numPassingAsserts":3,"retryReasons":[],"startAt":1755456674799,"status":"passed","title":"allows typing in name, email, and password"}],"endTime":1755456674834,"message":"","name":"C:\\Personal Space\\EMP_v1\\frontend\\src\\__tests__\\RegisterForm.test.jsx","startTime":1755456670427,"status":"passed","summary":""}],"wasInterrupted":false}
