{"numFailedTestSuites":0,"numFailedTests":0,"numPassedTestSuites":1,"numPassedTests":1,"numPendingTestSuites":0,"numPendingTests":0,"numRuntimeErrorTestSuites":0,"numTodoTests":0,"numTotalTestSuites":1,"numTotalTests":1,"openHandles":[],"snapshot":{"added":0,"didUpdate":false,"failure":false,"filesAdded":0,"filesRemoved":0,"filesRemovedList":[],"filesUnmatched":0,"filesUpdated":0,"matched":0,"total":0,"unchecked":0,"uncheckedKeysByFile":[],"unmatched":0,"updated":0},"startTime":1755456507598,"success":true,"testResults":[{"assertionResults":[{"ancestorTitles":["Profile"],"duration":97,"failing":false,"failureDetails":[],"failureMessages":[],"fullName":"Profile renders user profile details","invocations":1,"location":null,"numPassingAsserts":4,"retryReasons":[],"startAt":1755456514109,"status":"passed","title":"renders user profile details"}],"endTime":1755456514212,"message":"","name":"C:\\Personal Space\\EMP_v1\\frontend\\src\\__tests__\\Profile.test.jsx","startTime":1755456510640,"status":"passed","summary":""}],"wasInterrupted":false}
