{"numFailedTestSuites":0,"numFailedTests":0,"numPassedTestSuites":1,"numPassedTests":2,"numPendingTestSuites":0,"numPendingTests":0,"numRuntimeErrorTestSuites":0,"numTodoTests":0,"numTotalTestSuites":1,"numTotalTests":2,"openHandles":[],"snapshot":{"added":0,"didUpdate":false,"failure":false,"filesAdded":0,"filesRemoved":0,"filesRemovedList":[],"filesUnmatched":0,"filesUpdated":0,"matched":0,"total":0,"unchecked":0,"uncheckedKeysByFile":[],"unmatched":0,"updated":0},"startTime":1755456651023,"success":true,"testResults":[{"assertionResults":[{"ancestorTitles":["LoginForm"],"duration":144,"failing":false,"failureDetails":[],"failureMessages":[],"fullName":"LoginForm renders login form fields","invocations":1,"location":null,"numPassingAsserts":3,"retryReasons":[],"startAt":1755456656950,"status":"passed","title":"renders login form fields"},{"ancestorTitles":["LoginForm"],"duration":24,"failing":false,"failureDetails":[],"failureMessages":[],"fullName":"LoginForm allows typing in email and password","invocations":1,"location":null,"numPassingAsserts":2,"retryReasons":[],"startAt":1755456657097,"status":"passed","title":"allows typing in email and password"}],"endTime":1755456657126,"message":"","name":"C:\\Personal Space\\EMP_v1\\frontend\\src\\__tests__\\LoginForm.test.jsx","startTime":1755456653466,"status":"passed","summary":""}],"wasInterrupted":false}
