{"numFailedTestSuites":1,"numFailedTests":1,"numPassedTestSuites":0,"numPassedTests":0,"numPendingTestSuites":0,"numPendingTests":0,"numRuntimeErrorTestSuites":0,"numTodoTests":0,"numTotalTestSuites":1,"numTotalTests":1,"openHandles":[],"snapshot":{"added":0,"didUpdate":false,"failure":false,"filesAdded":0,"filesRemoved":0,"filesRemovedList":[],"filesUnmatched":0,"filesUpdated":0,"matched":0,"total":0,"unchecked":0,"uncheckedKeysByFile":[],"unmatched":0,"updated":0},"startTime":1755453874854,"success":false,"testResults":[{"assertionResults":[{"ancestorTitles":["Employee API"],"duration":7,"failing":false,"failureDetails":[{}],"failureMessages":["TypeError: app.address is not a function\n    at Test.serverAddress (C:\\Personal Space\\EMP_v1\\backend\\node_modules\\supertest\\lib\\test.js:61:22)\n    at new Test (C:\\Personal Space\\EMP_v1\\backend\\node_modules\\supertest\\lib\\test.js:49:14)\n    at Object.obj.<computed> [as get] (C:\\Personal Space\\EMP_v1\\backend\\node_modules\\supertest\\index.js:39:18)\n    at Object.get (C:\\Personal Space\\EMP_v1\\backend\\tests\\employee.test.js:6:36)\n    at Promise.finally.completed (C:\\Users\\gasingh\\AppData\\Local\\npm-cache\\_npx\\b8d86e6551a4f492\\node_modules\\jest-circus\\build\\jestAdapterInit.js:1559:28)\n    at new Promise (<anonymous>)\n    at callAsyncCircusFn (C:\\Users\\gasingh\\AppData\\Local\\npm-cache\\_npx\\b8d86e6551a4f492\\node_modules\\jest-circus\\build\\jestAdapterInit.js:1499:10)\n    at _callCircusTest (C:\\Users\\gasingh\\AppData\\Local\\npm-cache\\_npx\\b8d86e6551a4f492\\node_modules\\jest-circus\\build\\jestAdapterInit.js:1009:40)\n    at processTicksAndRejections (node:internal/process/task_queues:95:5)\n    at _runTest (C:\\Users\\gasingh\\AppData\\Local\\npm-cache\\_npx\\b8d86e6551a4f492\\node_modules\\jest-circus\\build\\jestAdapterInit.js:949:3)\n    at _runTestsForDescribeBlock (C:\\Users\\gasingh\\AppData\\Local\\npm-cache\\_npx\\b8d86e6551a4f492\\node_modules\\jest-circus\\build\\jestAdapterInit.js:839:13)\n    at _runTestsForDescribeBlock (C:\\Users\\gasingh\\AppData\\Local\\npm-cache\\_npx\\b8d86e6551a4f492\\node_modules\\jest-circus\\build\\jestAdapterInit.js:829:11)\n    at run (C:\\Users\\gasingh\\AppData\\Local\\npm-cache\\_npx\\b8d86e6551a4f492\\node_modules\\jest-circus\\build\\jestAdapterInit.js:757:3)\n    at runAndTransformResultsToJestFormat (C:\\Users\\gasingh\\AppData\\Local\\npm-cache\\_npx\\b8d86e6551a4f492\\node_modules\\jest-circus\\build\\jestAdapterInit.js:1920:21)\n    at jestAdapter (C:\\Users\\gasingh\\AppData\\Local\\npm-cache\\_npx\\b8d86e6551a4f492\\node_modules\\jest-circus\\build\\runner.js:101:19)\n    at runTestInternal (C:\\Users\\gasingh\\AppData\\Local\\npm-cache\\_npx\\b8d86e6551a4f492\\node_modules\\jest-runner\\build\\index.js:275:16)\n    at runTest (C:\\Users\\gasingh\\AppData\\Local\\npm-cache\\_npx\\b8d86e6551a4f492\\node_modules\\jest-runner\\build\\index.js:343:7)"],"fullName":"Employee API should return 200 for GET /api/employees","invocations":1,"location":null,"numPassingAsserts":0,"retryReasons":[],"startAt":1755453876949,"status":"failed","title":"should return 200 for GET /api/employees"}],"endTime":1755453877030,"message":"\u001b[1m\u001b[31m  \u001b[1m● \u001b[22m\u001b[1mEmployee API › should return 200 for GET /api/employees\u001b[39m\u001b[22m\n\n    TypeError: app.address is not a function\n\u001b[2m\u001b[22m\n\u001b[2m    \u001b[0m \u001b[90m 4 |\u001b[39m describe(\u001b[32m'Employee API'\u001b[39m\u001b[33m,\u001b[39m () \u001b[33m=>\u001b[39m {\u001b[22m\n\u001b[2m     \u001b[90m 5 |\u001b[39m   it(\u001b[32m'should return 200 for GET /api/employees'\u001b[39m\u001b[33m,\u001b[39m \u001b[36masync\u001b[39m () \u001b[33m=>\u001b[39m {\u001b[22m\n\u001b[2m    \u001b[31m\u001b[1m>\u001b[22m\u001b[2m\u001b[39m\u001b[90m 6 |\u001b[39m     \u001b[36mconst\u001b[39m res \u001b[33m=\u001b[39m \u001b[36mawait\u001b[39m request(app)\u001b[33m.\u001b[39m\u001b[36mget\u001b[39m(\u001b[32m'/api/employees'\u001b[39m)\u001b[33m;\u001b[39m\u001b[22m\n\u001b[2m     \u001b[90m   |\u001b[39m                                    \u001b[31m\u001b[1m^\u001b[22m\u001b[2m\u001b[39m\u001b[22m\n\u001b[2m     \u001b[90m 7 |\u001b[39m     expect(res\u001b[33m.\u001b[39mstatusCode)\u001b[33m.\u001b[39mtoBe(\u001b[35m200\u001b[39m)\u001b[33m;\u001b[39m\u001b[22m\n\u001b[2m     \u001b[90m 8 |\u001b[39m   })\u001b[33m;\u001b[39m\u001b[22m\n\u001b[2m     \u001b[90m 9 |\u001b[39m })\u001b[33m;\u001b[39m\u001b[0m\u001b[22m\n\u001b[2m\u001b[22m\n\u001b[2m      \u001b[2mat Test.serverAddress (\u001b[22m\u001b[2m\u001b[0m\u001b[36mnode_modules/supertest/lib/test.js\u001b[39m\u001b[0m\u001b[2m:61:22)\u001b[22m\u001b[2m\u001b[22m\n\u001b[2m      \u001b[2mat new Test (\u001b[22m\u001b[2m\u001b[0m\u001b[36mnode_modules/supertest/lib/test.js\u001b[39m\u001b[0m\u001b[2m:49:14)\u001b[22m\u001b[2m\u001b[22m\n\u001b[2m      \u001b[2mat Object.obj.<computed> [as get] (\u001b[22m\u001b[2mnode_modules/supertest/index.js\u001b[2m:39:18)\u001b[22m\u001b[2m\u001b[22m\n\u001b[2m      \u001b[2mat Object.get (\u001b[22m\u001b[2m\u001b[0m\u001b[36mtests/employee.test.js\u001b[39m\u001b[0m\u001b[2m:6:36)\u001b[22m\u001b[2m\u001b[22m\n","name":"C:\\Personal Space\\EMP_v1\\backend\\tests\\employee.test.js","startTime":1755453875041,"status":"failed","summary":""}],"wasInterrupted":false}
