{"numFailedTestSuites":1,"numFailedTests":1,"numPassedTestSuites":0,"numPassedTests":8,"numPendingTestSuites":0,"numPendingTests":0,"numRuntimeErrorTestSuites":0,"numTodoTests":0,"numTotalTestSuites":1,"numTotalTests":9,"openHandles":[],"snapshot":{"added":0,"didUpdate":false,"failure":false,"filesAdded":0,"filesRemoved":0,"filesRemovedList":[],"filesUnmatched":0,"filesUpdated":0,"matched":0,"total":0,"unchecked":0,"uncheckedKeysByFile":[],"unmatched":0,"updated":0},"startTime":1755457265496,"success":false,"testResults":[{"assertionResults":[{"ancestorTitles":["Auth & Employee API (Extended)","/auth/me"],"duration":147,"failing":false,"failureDetails":[],"failureMessages":[],"fullName":"Auth & Employee API (Extended) /auth/me should return 401 if no token","invocations":1,"location":null,"numPassingAsserts":2,"retryReasons":[],"startAt":1755457268910,"status":"passed","title":"should return 401 if no token"},{"ancestorTitles":["Auth & Employee API (Extended)","/auth/me"],"duration":50,"failing":false,"failureDetails":[{"matcherResult":{"actual":401,"expected":200,"message":"\u001b[2mexpect(\u001b[22m\u001b[31mreceived\u001b[39m\u001b[2m).\u001b[22mtoBe\u001b[2m(\u001b[22m\u001b[32mexpected\u001b[39m\u001b[2m) // Object.is equality\u001b[22m\n\nExpected: \u001b[32m200\u001b[39m\nReceived: \u001b[31m401\u001b[39m","name":"toBe","pass":false}}],"failureMessages":["Error: \u001b[2mexpect(\u001b[22m\u001b[31mreceived\u001b[39m\u001b[2m).\u001b[22mtoBe\u001b[2m(\u001b[22m\u001b[32mexpected\u001b[39m\u001b[2m) // Object.is equality\u001b[22m\n\nExpected: \u001b[32m200\u001b[39m\nReceived: \u001b[31m401\u001b[39m\n    at Object.toBe (C:\\Personal Space\\EMP_v1\\backend\\tests\\employee.extended.test.js:77:30)\n    at processTicksAndRejections (node:internal/process/task_queues:95:5)"],"fullName":"Auth & Employee API (Extended) /auth/me should return user profile with valid token","invocations":1,"location":null,"numPassingAsserts":0,"retryReasons":[],"startAt":1755457269060,"status":"failed","title":"should return user profile with valid token"},{"ancestorTitles":["Auth & Employee API (Extended)","/auth/me/password"],"duration":70,"failing":false,"failureDetails":[],"failureMessages":[],"fullName":"Auth & Employee API (Extended) /auth/me/password should update password if old password matches","invocations":1,"location":null,"numPassingAsserts":2,"retryReasons":[],"startAt":1755457269128,"status":"passed","title":"should update password if old password matches"},{"ancestorTitles":["Auth & Employee API (Extended)","/auth/me/password"],"duration":28,"failing":false,"failureDetails":[],"failureMessages":[],"fullName":"Auth & Employee API (Extended) /auth/me/password should fail if old password is incorrect","invocations":1,"location":null,"numPassingAsserts":2,"retryReasons":[],"startAt":1755457269200,"status":"passed","title":"should fail if old password is incorrect"},{"ancestorTitles":["Auth & Employee API (Extended)","/employees"],"duration":46,"failing":false,"failureDetails":[],"failureMessages":[],"fullName":"Auth & Employee API (Extended) /employees should return 403 for GET if not HR/Admin","invocations":1,"location":null,"numPassingAsserts":1,"retryReasons":[],"startAt":1755457269229,"status":"passed","title":"should return 403 for GET if not HR/Admin"},{"ancestorTitles":["Auth & Employee API (Extended)","/employees"],"duration":44,"failing":false,"failureDetails":[],"failureMessages":[],"fullName":"Auth & Employee API (Extended) /employees should return employees for HR/Admin","invocations":1,"location":null,"numPassingAsserts":2,"retryReasons":[],"startAt":1755457269278,"status":"passed","title":"should return employees for HR/Admin"},{"ancestorTitles":["Auth & Employee API (Extended)","/employees"],"duration":34,"failing":false,"failureDetails":[],"failureMessages":[],"fullName":"Auth & Employee API (Extended) /employees should create employee for HR/Admin","invocations":1,"location":null,"numPassingAsserts":2,"retryReasons":[],"startAt":1755457269326,"status":"passed","title":"should create employee for HR/Admin"},{"ancestorTitles":["Auth & Employee API (Extended)","/employees"],"duration":37,"failing":false,"failureDetails":[],"failureMessages":[],"fullName":"Auth & Employee API (Extended) /employees should update employee for HR/Admin","invocations":1,"location":null,"numPassingAsserts":2,"retryReasons":[],"startAt":1755457269362,"status":"passed","title":"should update employee for HR/Admin"},{"ancestorTitles":["Auth & Employee API (Extended)","/employees"],"duration":38,"failing":false,"failureDetails":[],"failureMessages":[],"fullName":"Auth & Employee API (Extended) /employees should delete employee for Admin","invocations":1,"location":null,"numPassingAsserts":2,"retryReasons":[],"startAt":1755457269402,"status":"passed","title":"should delete employee for Admin"}],"endTime":1755457269466,"message":"\u001b[1m\u001b[31m  \u001b[1m● \u001b[22m\u001b[1mAuth & Employee API (Extended) › /auth/me › should return user profile with valid token\u001b[39m\u001b[22m\n\n    \u001b[2mexpect(\u001b[22m\u001b[31mreceived\u001b[39m\u001b[2m).\u001b[22mtoBe\u001b[2m(\u001b[22m\u001b[32mexpected\u001b[39m\u001b[2m) // Object.is equality\u001b[22m\n\n    Expected: \u001b[32m200\u001b[39m\n    Received: \u001b[31m401\u001b[39m\n\u001b[2m\u001b[22m\n\u001b[2m    \u001b[0m \u001b[90m 75 |\u001b[39m       \u001b[36mconst\u001b[39m token \u001b[33m=\u001b[39m signToken({ id\u001b[33m:\u001b[39m user\u001b[33m.\u001b[39m_id\u001b[33m,\u001b[39m role\u001b[33m:\u001b[39m user\u001b[33m.\u001b[39mrole })\u001b[33m;\u001b[39m\u001b[22m\n\u001b[2m     \u001b[90m 76 |\u001b[39m       \u001b[36mconst\u001b[39m res \u001b[33m=\u001b[39m \u001b[36mawait\u001b[39m request(app)\u001b[33m.\u001b[39m\u001b[36mget\u001b[39m(\u001b[32m'/auth/me'\u001b[39m)\u001b[33m.\u001b[39m\u001b[36mset\u001b[39m(\u001b[32m'Authorization'\u001b[39m\u001b[33m,\u001b[39m \u001b[32m`Bearer ${token}`\u001b[39m)\u001b[33m;\u001b[39m\u001b[22m\n\u001b[2m    \u001b[31m\u001b[1m>\u001b[22m\u001b[2m\u001b[39m\u001b[90m 77 |\u001b[39m       expect(res\u001b[33m.\u001b[39mstatusCode)\u001b[33m.\u001b[39mtoBe(\u001b[35m200\u001b[39m)\u001b[33m;\u001b[39m\u001b[22m\n\u001b[2m     \u001b[90m    |\u001b[39m                              \u001b[31m\u001b[1m^\u001b[22m\u001b[2m\u001b[39m\u001b[22m\n\u001b[2m     \u001b[90m 78 |\u001b[39m       expect(res\u001b[33m.\u001b[39mbody)\u001b[33m.\u001b[39mtoHaveProperty(\u001b[32m'username'\u001b[39m\u001b[33m,\u001b[39m \u001b[32m'test'\u001b[39m)\u001b[33m;\u001b[39m\u001b[22m\n\u001b[2m     \u001b[90m 79 |\u001b[39m     })\u001b[33m;\u001b[39m\u001b[22m\n\u001b[2m     \u001b[90m 80 |\u001b[39m   })\u001b[33m;\u001b[39m\u001b[0m\u001b[22m\n\u001b[2m\u001b[22m\n\u001b[2m      \u001b[2mat Object.toBe (\u001b[22m\u001b[2m\u001b[0m\u001b[36mtests/employee.extended.test.js\u001b[39m\u001b[0m\u001b[2m:77:30)\u001b[22m\u001b[2m\u001b[22m\n","name":"C:\\Personal Space\\EMP_v1\\backend\\tests\\employee.extended.test.js","startTime":1755457265723,"status":"failed","summary":""}],"wasInterrupted":false}
