{"numFailedTestSuites":1,"numFailedTests":1,"numPassedTestSuites":0,"numPassedTests":3,"numPendingTestSuites":0,"numPendingTests":0,"numRuntimeErrorTestSuites":0,"numTodoTests":0,"numTotalTestSuites":1,"numTotalTests":4,"openHandles":[],"snapshot":{"added":0,"didUpdate":false,"failure":false,"filesAdded":0,"filesRemoved":0,"filesRemovedList":[],"filesUnmatched":0,"filesUpdated":0,"matched":0,"total":0,"unchecked":0,"uncheckedKeysByFile":[],"unmatched":0,"updated":0},"startTime":1755454654722,"success":false,"testResults":[{"assertionResults":[{"ancestorTitles":["Auth API"],"duration":92,"failing":false,"failureDetails":[],"failureMessages":[],"fullName":"Auth API should register a new user","invocations":1,"location":null,"numPassingAsserts":2,"retryReasons":[],"startAt":1755454657080,"status":"passed","title":"should register a new user"},{"ancestorTitles":["Auth API"],"duration":13,"failing":false,"failureDetails":[{"matcherResult":{"actual":500,"expected":200,"message":"\u001b[2mexpect(\u001b[22m\u001b[31mreceived\u001b[39m\u001b[2m).\u001b[22mtoBe\u001b[2m(\u001b[22m\u001b[32mexpected\u001b[39m\u001b[2m) // Object.is equality\u001b[22m\n\nExpected: \u001b[32m200\u001b[39m\nReceived: \u001b[31m500\u001b[39m","name":"toBe","pass":false}}],"failureMessages":["Error: \u001b[2mexpect(\u001b[22m\u001b[31mreceived\u001b[39m\u001b[2m).\u001b[22mtoBe\u001b[2m(\u001b[22m\u001b[32mexpected\u001b[39m\u001b[2m) // Object.is equality\u001b[22m\n\nExpected: \u001b[32m200\u001b[39m\nReceived: \u001b[31m500\u001b[39m\n    at Object.toBe (C:\\Personal Space\\EMP_v1\\backend\\tests\\employee.test.js:45:28)\n    at processTicksAndRejections (node:internal/process/task_queues:95:5)"],"fullName":"Auth API should login successfully with correct credentials","invocations":1,"location":null,"numPassingAsserts":0,"retryReasons":[],"startAt":1755454657174,"status":"failed","title":"should login successfully with correct credentials"},{"ancestorTitles":["Auth API"],"duration":12,"failing":false,"failureDetails":[],"failureMessages":[],"fullName":"Auth API should fail login with invalid credentials","invocations":1,"location":null,"numPassingAsserts":2,"retryReasons":[],"startAt":1755454657194,"status":"passed","title":"should fail login with invalid credentials"},{"ancestorTitles":["Auth API"],"duration":8,"failing":false,"failureDetails":[],"failureMessages":[],"fullName":"Auth API should fail login with wrong password","invocations":1,"location":null,"numPassingAsserts":2,"retryReasons":[],"startAt":1755454657207,"status":"passed","title":"should fail login with wrong password"}],"endTime":1755454657225,"message":"\u001b[1m\u001b[31m  \u001b[1m● \u001b[22m\u001b[1mAuth API › should login successfully with correct credentials\u001b[39m\u001b[22m\n\n    \u001b[2mexpect(\u001b[22m\u001b[31mreceived\u001b[39m\u001b[2m).\u001b[22mtoBe\u001b[2m(\u001b[22m\u001b[32mexpected\u001b[39m\u001b[2m) // Object.is equality\u001b[22m\n\n    Expected: \u001b[32m200\u001b[39m\n    Received: \u001b[31m500\u001b[39m\n\u001b[2m\u001b[22m\n\u001b[2m    \u001b[0m \u001b[90m 43 |\u001b[39m       \u001b[33m.\u001b[39mpost(\u001b[32m'/auth/login'\u001b[39m)\u001b[22m\n\u001b[2m     \u001b[90m 44 |\u001b[39m       \u001b[33m.\u001b[39msend({ username\u001b[33m:\u001b[39m \u001b[32m'testuser'\u001b[39m\u001b[33m,\u001b[39m password\u001b[33m:\u001b[39m \u001b[32m'testpass'\u001b[39m })\u001b[33m;\u001b[39m\u001b[22m\n\u001b[2m    \u001b[31m\u001b[1m>\u001b[22m\u001b[2m\u001b[39m\u001b[90m 45 |\u001b[39m     expect(res\u001b[33m.\u001b[39mstatusCode)\u001b[33m.\u001b[39mtoBe(\u001b[35m200\u001b[39m)\u001b[33m;\u001b[39m\u001b[22m\n\u001b[2m     \u001b[90m    |\u001b[39m                            \u001b[31m\u001b[1m^\u001b[22m\u001b[2m\u001b[39m\u001b[22m\n\u001b[2m     \u001b[90m 46 |\u001b[39m     expect(res\u001b[33m.\u001b[39mbody)\u001b[33m.\u001b[39mtoHaveProperty(\u001b[32m'token'\u001b[39m)\u001b[33m;\u001b[39m\u001b[22m\n\u001b[2m     \u001b[90m 47 |\u001b[39m     expect(res\u001b[33m.\u001b[39mbody)\u001b[33m.\u001b[39mtoHaveProperty(\u001b[32m'role'\u001b[39m\u001b[33m,\u001b[39m \u001b[32m'employee'\u001b[39m)\u001b[33m;\u001b[39m\u001b[22m\n\u001b[2m     \u001b[90m 48 |\u001b[39m   })\u001b[33m;\u001b[39m\u001b[0m\u001b[22m\n\u001b[2m\u001b[22m\n\u001b[2m      \u001b[2mat Object.toBe (\u001b[22m\u001b[2m\u001b[0m\u001b[36mtests/employee.test.js\u001b[39m\u001b[0m\u001b[2m:45:28)\u001b[22m\u001b[2m\u001b[22m\n","name":"C:\\Personal Space\\EMP_v1\\backend\\tests\\employee.test.js","startTime":1755454654894,"status":"failed","summary":""}],"wasInterrupted":false}
